error: Failed to fetch users: Cannot read properties of undefined (reading 'status')
info: Fetch status: 200 - Successfully fetched 1 users
info: Fetch status: 200 - Successfully fetched 0 users
error: Failed to fetch users: Network Error
error: Failed to fetch users: Cannot read properties of undefined (reading 'status')
error: Failed to fetch users: Network Error
error: Failed to fetch users: Cannot read properties of undefined (reading 'status')
error: Failed to fetch users: Cannot read properties of undefined (reading 'status')
info: Fetch status: 200 - Successfully fetched 1 users
info: Fetch status: 200 - Successfully fetched 0 users
error: Failed to fetch users: Network Error
error: Failed to fetch users: Cannot read properties of undefined (reading 'status')
info: Fetch status: 200 - Successfully fetched 1 users
info: Fetch status: 200 - Successfully fetched 0 users
error: Failed to fetch users: Network Error
error: Failed to fetch users: Cannot read properties of undefined (reading 'status')
error: Failed to fetch users: Cannot read properties of undefined (reading 'status')
info: Fetch status: 200 - Successfully fetched 10 users
info: ID: 1, Name: Leanne Graham, Email: Sincere@april.biz, Company: Romaguera-Crona
info: ID: 2, Name: Ervin Howell, Email: Shanna@melissa.tv, Company: Deckow-Crist
info: ID: 3, Name: Clementine Bauch, Email: Nathan@yesenia.net, Company: Romaguera-Jacobson
info: ID: 4, Name: Patricia Lebsack, Email: Julianne.OConner@kory.org, Company: Robel-Corkery
info: ID: 5, Name: Chelsey Dietrich, Email: Lucio_Hettinger@annie.ca, Company: Keebler LLC
info: ID: 6, Name: Mrs. Dennis Schulist, Email: Karley_Dach@jasper.info, Company: Considine-Lockman
info: ID: 7, Name: Kurtis Weissnat, Email: Telly.Hoeger@billy.biz, Company: Johns Group
info: ID: 8, Name: Nicholas Runolfsdottir V, Email: Sherwood@rosamond.me, Company: Abernathy Group
info: ID: 9, Name: Glenna Reichert, Email: Chaim_McDermott@dana.io, Company: Yost and Sons
info: ID: 10, Name: Clementina DuBuque, Email: Rey.Padberg@karina.biz, Company: Hoeger LLC
error: Failed to fetch users: Cannot read properties of undefined (reading 'status')
info: Fetch status: 200 - Successfully fetched 1 users
info: Fetch status: 200 - Successfully fetched 0 users
error: Failed to fetch users: Network Error
error: Failed to fetch users: Cannot read properties of undefined (reading 'status')
info: Fetch status: 200 - Successfully fetched 10 users
info: ID: 1, Name: Leanne Graham, Email: Sincere@april.biz, Company: Romaguera-Crona
info: ID: 2, Name: Ervin Howell, Email: Shanna@melissa.tv, Company: Deckow-Crist
info: ID: 3, Name: Clementine Bauch, Email: Nathan@yesenia.net, Company: Romaguera-Jacobson
info: ID: 4, Name: Patricia Lebsack, Email: Julianne.OConner@kory.org, Company: Robel-Corkery
info: ID: 5, Name: Chelsey Dietrich, Email: Lucio_Hettinger@annie.ca, Company: Keebler LLC
info: ID: 6, Name: Mrs. Dennis Schulist, Email: Karley_Dach@jasper.info, Company: Considine-Lockman
info: ID: 7, Name: Kurtis Weissnat, Email: Telly.Hoeger@billy.biz, Company: Johns Group
info: ID: 8, Name: Nicholas Runolfsdottir V, Email: Sherwood@rosamond.me, Company: Abernathy Group
info: ID: 9, Name: Glenna Reichert, Email: Chaim_McDermott@dana.io, Company: Yost and Sons
info: ID: 10, Name: Clementina DuBuque, Email: Rey.Padberg@karina.biz, Company: Hoeger LLC
error: Failed to fetch users: Cannot read properties of undefined (reading 'status')
info: Fetch status: 200 - Successfully fetched 1 users
info: Fetch status: 200 - Successfully fetched 0 users
error: Failed to fetch users: Network Error
error: Failed to fetch users: Cannot read properties of undefined (reading 'status')
error: Failed to fetch users: Cannot read properties of undefined (reading 'status')
info: Fetch status: 200 - Successfully fetched 1 users
info: Fetch status: 200 - Successfully fetched 0 users
error: Failed to fetch users: Network Error
error: Failed to fetch users: Cannot read properties of undefined (reading 'status')
error: Failed to fetch users: Cannot read properties of undefined (reading 'status')
info: Fetch status: 200 - Successfully fetched 10 users
info: ID: 1, Name: Leanne Graham, Email: Sincere@april.biz, Company: Romaguera-Crona
info: ID: 2, Name: Ervin Howell, Email: Shanna@melissa.tv, Company: Deckow-Crist
info: ID: 3, Name: Clementine Bauch, Email: Nathan@yesenia.net, Company: Romaguera-Jacobson
info: ID: 4, Name: Patricia Lebsack, Email: Julianne.OConner@kory.org, Company: Robel-Corkery
info: ID: 5, Name: Chelsey Dietrich, Email: Lucio_Hettinger@annie.ca, Company: Keebler LLC
info: ID: 6, Name: Mrs. Dennis Schulist, Email: Karley_Dach@jasper.info, Company: Considine-Lockman
info: ID: 7, Name: Kurtis Weissnat, Email: Telly.Hoeger@billy.biz, Company: Johns Group
info: ID: 8, Name: Nicholas Runolfsdottir V, Email: Sherwood@rosamond.me, Company: Abernathy Group
info: ID: 9, Name: Glenna Reichert, Email: Chaim_McDermott@dana.io, Company: Yost and Sons
info: ID: 10, Name: Clementina DuBuque, Email: Rey.Padberg@karina.biz, Company: Hoeger LLC
info: Fetch status: 200 - Successfully fetched 10 users
info: ID: 1, Name: Leanne Graham, Email: Sincere@april.biz, Company: Romaguera-Crona
info: ID: 2, Name: Ervin Howell, Email: Shanna@melissa.tv, Company: Deckow-Crist
info: ID: 3, Name: Clementine Bauch, Email: Nathan@yesenia.net, Company: Romaguera-Jacobson
info: ID: 4, Name: Patricia Lebsack, Email: Julianne.OConner@kory.org, Company: Robel-Corkery
info: ID: 5, Name: Chelsey Dietrich, Email: Lucio_Hettinger@annie.ca, Company: Keebler LLC
info: ID: 6, Name: Mrs. Dennis Schulist, Email: Karley_Dach@jasper.info, Company: Considine-Lockman
info: ID: 7, Name: Kurtis Weissnat, Email: Telly.Hoeger@billy.biz, Company: Johns Group
info: ID: 8, Name: Nicholas Runolfsdottir V, Email: Sherwood@rosamond.me, Company: Abernathy Group
info: ID: 9, Name: Glenna Reichert, Email: Chaim_McDermott@dana.io, Company: Yost and Sons
info: ID: 10, Name: Clementina DuBuque, Email: Rey.Padberg@karina.biz, Company: Hoeger LLC
info: Fetch status: 200 - Successfully fetched 10 users
info: ID: 1, Name: Leanne Graham, Email: Sincere@april.biz, Company: Romaguera-Crona
info: ID: 2, Name: Ervin Howell, Email: Shanna@melissa.tv, Company: Deckow-Crist
info: ID: 3, Name: Clementine Bauch, Email: Nathan@yesenia.net, Company: Romaguera-Jacobson
info: ID: 4, Name: Patricia Lebsack, Email: Julianne.OConner@kory.org, Company: Robel-Corkery
info: ID: 5, Name: Chelsey Dietrich, Email: Lucio_Hettinger@annie.ca, Company: Keebler LLC
info: ID: 6, Name: Mrs. Dennis Schulist, Email: Karley_Dach@jasper.info, Company: Considine-Lockman
info: ID: 7, Name: Kurtis Weissnat, Email: Telly.Hoeger@billy.biz, Company: Johns Group
info: ID: 8, Name: Nicholas Runolfsdottir V, Email: Sherwood@rosamond.me, Company: Abernathy Group
info: ID: 9, Name: Glenna Reichert, Email: Chaim_McDermott@dana.io, Company: Yost and Sons
info: ID: 10, Name: Clementina DuBuque, Email: Rey.Padberg@karina.biz, Company: Hoeger LLC
info: Fetch status: 200 - Successfully fetched 10 users
info: ID: 1, Name: Leanne Graham, Email: Sincere@april.biz, Company: Romaguera-Crona
info: ID: 2, Name: Ervin Howell, Email: Shanna@melissa.tv, Company: Deckow-Crist
info: ID: 3, Name: Clementine Bauch, Email: Nathan@yesenia.net, Company: Romaguera-Jacobson
info: ID: 4, Name: Patricia Lebsack, Email: Julianne.OConner@kory.org, Company: Robel-Corkery
info: ID: 5, Name: Chelsey Dietrich, Email: Lucio_Hettinger@annie.ca, Company: Keebler LLC
info: ID: 6, Name: Mrs. Dennis Schulist, Email: Karley_Dach@jasper.info, Company: Considine-Lockman
info: ID: 7, Name: Kurtis Weissnat, Email: Telly.Hoeger@billy.biz, Company: Johns Group
info: ID: 8, Name: Nicholas Runolfsdottir V, Email: Sherwood@rosamond.me, Company: Abernathy Group
info: ID: 9, Name: Glenna Reichert, Email: Chaim_McDermott@dana.io, Company: Yost and Sons
info: ID: 10, Name: Clementina DuBuque, Email: Rey.Padberg@karina.biz, Company: Hoeger LLC
info: Fetch status: 200 - Successfully fetched 10 users
info: ID: 1, Name: Leanne Graham, Email: Sincere@april.biz, Company: Romaguera-Crona
info: ID: 2, Name: Ervin Howell, Email: Shanna@melissa.tv, Company: Deckow-Crist
info: ID: 3, Name: Clementine Bauch, Email: Nathan@yesenia.net, Company: Romaguera-Jacobson
info: ID: 4, Name: Patricia Lebsack, Email: Julianne.OConner@kory.org, Company: Robel-Corkery
info: ID: 5, Name: Chelsey Dietrich, Email: Lucio_Hettinger@annie.ca, Company: Keebler LLC
info: ID: 6, Name: Mrs. Dennis Schulist, Email: Karley_Dach@jasper.info, Company: Considine-Lockman
info: ID: 7, Name: Kurtis Weissnat, Email: Telly.Hoeger@billy.biz, Company: Johns Group
info: ID: 8, Name: Nicholas Runolfsdottir V, Email: Sherwood@rosamond.me, Company: Abernathy Group
info: ID: 9, Name: Glenna Reichert, Email: Chaim_McDermott@dana.io, Company: Yost and Sons
info: ID: 10, Name: Clementina DuBuque, Email: Rey.Padberg@karina.biz, Company: Hoeger LLC
info: Fetch status: 200 - Successfully fetched 10 users
info: ID: 1, Name: Leanne Graham, Email: Sincere@april.biz, Company: Romaguera-Crona
info: ID: 2, Name: Ervin Howell, Email: Shanna@melissa.tv, Company: Deckow-Crist
info: ID: 3, Name: Clementine Bauch, Email: Nathan@yesenia.net, Company: Romaguera-Jacobson
info: ID: 4, Name: Patricia Lebsack, Email: Julianne.OConner@kory.org, Company: Robel-Corkery
info: ID: 5, Name: Chelsey Dietrich, Email: Lucio_Hettinger@annie.ca, Company: Keebler LLC
info: ID: 6, Name: Mrs. Dennis Schulist, Email: Karley_Dach@jasper.info, Company: Considine-Lockman
info: ID: 7, Name: Kurtis Weissnat, Email: Telly.Hoeger@billy.biz, Company: Johns Group
info: ID: 8, Name: Nicholas Runolfsdottir V, Email: Sherwood@rosamond.me, Company: Abernathy Group
info: ID: 9, Name: Glenna Reichert, Email: Chaim_McDermott@dana.io, Company: Yost and Sons
info: ID: 10, Name: Clementina DuBuque, Email: Rey.Padberg@karina.biz, Company: Hoeger LLC
info: Fetch status: 200 - Successfully fetched 10 users
info: ID: 1, Name: Leanne Graham, Email: Sincere@april.biz, Company: Romaguera-Crona
info: ID: 2, Name: Ervin Howell, Email: Shanna@melissa.tv, Company: Deckow-Crist
info: ID: 3, Name: Clementine Bauch, Email: Nathan@yesenia.net, Company: Romaguera-Jacobson
info: ID: 4, Name: Patricia Lebsack, Email: Julianne.OConner@kory.org, Company: Robel-Corkery
info: ID: 5, Name: Chelsey Dietrich, Email: Lucio_Hettinger@annie.ca, Company: Keebler LLC
info: ID: 6, Name: Mrs. Dennis Schulist, Email: Karley_Dach@jasper.info, Company: Considine-Lockman
info: ID: 7, Name: Kurtis Weissnat, Email: Telly.Hoeger@billy.biz, Company: Johns Group
info: ID: 8, Name: Nicholas Runolfsdottir V, Email: Sherwood@rosamond.me, Company: Abernathy Group
info: ID: 9, Name: Glenna Reichert, Email: Chaim_McDermott@dana.io, Company: Yost and Sons
info: ID: 10, Name: Clementina DuBuque, Email: Rey.Padberg@karina.biz, Company: Hoeger LLC
info: Fetch status: 200 - Successfully fetched 10 users
info: ID: 1, Name: Leanne Graham, Email: Sincere@april.biz, Company: Romaguera-Crona
info: ID: 2, Name: Ervin Howell, Email: Shanna@melissa.tv, Company: Deckow-Crist
info: ID: 3, Name: Clementine Bauch, Email: Nathan@yesenia.net, Company: Romaguera-Jacobson
info: ID: 4, Name: Patricia Lebsack, Email: Julianne.OConner@kory.org, Company: Robel-Corkery
info: ID: 5, Name: Chelsey Dietrich, Email: Lucio_Hettinger@annie.ca, Company: Keebler LLC
info: ID: 6, Name: Mrs. Dennis Schulist, Email: Karley_Dach@jasper.info, Company: Considine-Lockman
info: ID: 7, Name: Kurtis Weissnat, Email: Telly.Hoeger@billy.biz, Company: Johns Group
info: ID: 8, Name: Nicholas Runolfsdottir V, Email: Sherwood@rosamond.me, Company: Abernathy Group
info: ID: 9, Name: Glenna Reichert, Email: Chaim_McDermott@dana.io, Company: Yost and Sons
info: ID: 10, Name: Clementina DuBuque, Email: Rey.Padberg@karina.biz, Company: Hoeger LLC
info: Fetching users...
error: Failed to fetch users: Cannot read properties of undefined (reading 'status')
info: Fetching users...
error: Failed to fetch users: Cannot read properties of undefined (reading 'status')
info: Fetching users...
info: Fetch status: 200 - Successfully fetched 1 users
info: Fetching users...
info: Fetch status: 200 - Successfully fetched 0 users
info: Fetching users...
error: Failed to fetch users: Network Error
info: Fetching users...
error: Failed to fetch users: Cannot read properties of undefined (reading 'status')
info: Fetching users...
info: Fetch status: 200 - Successfully fetched 1 users
info: Fetching users...
info: Fetch status: 200 - Successfully fetched 0 users
info: Fetching users...
error: Failed to fetch users: Network Error
info: Fetching users...
error: Failed to fetch users: Cannot read properties of undefined (reading 'status')
info: Fetching users...
info: Fetch status: 200 - Successfully fetched 1 users
info: Fetching users...
info: Fetch status: 200 - Successfully fetched 0 users
info: Fetching users...
error: Failed to fetch users: Network Error
